app/build/intermediates/manifest_merge_blame_file/debug/processDebugMainManifest/manifest-merger-blame-debug-report.txt
1<?xml version="1.0" encoding="utf-8"?>
2<manifest xmlns:android="http://schemas.android.com/apk/res/android"
3    package="com.udwall.firewall.debug"
4    android:versionCode="1"
5    android:versionName="1.0.0" >
6
7    <uses-sdk
8        android:minSdkVersion="26"
9        android:targetSdkVersion="35" />
10
11    <uses-permission android:name="android.permission.FOREGROUND_SERVICE" />
11-->src\main\AndroidManifest.xml:5:5-77
11-->src\main\AndroidManifest.xml:5:22-74
12    <uses-permission android:name="android.permission.FOREGROUND_SERVICE_SPECIAL_USE" />
12-->src\main\AndroidManifest.xml:6:5-89
12-->src\main\AndroidManifest.xml:6:22-86
13    <uses-permission android:name="android.permission.RECEIVE_BOOT_COMPLETED" />
13-->src\main\AndroidManifest.xml:7:5-81
13-->src\main\AndroidManifest.xml:7:22-78
14    <uses-permission android:name="android.permission.QUERY_ALL_PACKAGES" />
14-->src\main\AndroidManifest.xml:8:5-77
14-->src\main\AndroidManifest.xml:8:22-74
15    <uses-permission android:name="android.permission.REQUEST_IGNORE_BATTERY_OPTIMIZATIONS" />
15-->src\main\AndroidManifest.xml:9:5-95
15-->src\main\AndroidManifest.xml:9:22-92
16    <uses-permission android:name="android.permission.USE_BIOMETRIC" /> <!-- suppress DeprecatedClassUsageInspection -->
16-->[androidx.biometric:biometric:1.2.0-alpha05] AndroidManifest.xml:22:5-72
16-->[androidx.biometric:biometric:1.2.0-alpha05] AndroidManifest.xml:22:22-69
17    <uses-permission android:name="android.permission.USE_FINGERPRINT" />
17-->[androidx.biometric:biometric:1.2.0-alpha05] AndroidManifest.xml:25:5-74
17-->[androidx.biometric:biometric:1.2.0-alpha05] AndroidManifest.xml:25:22-71
18
19    <permission
19-->[androidx.core:core:1.13.1] AndroidManifest.xml:22:5-24:47
20        android:name="com.udwall.firewall.debug.DYNAMIC_RECEIVER_NOT_EXPORTED_PERMISSION"
20-->[androidx.core:core:1.13.1] AndroidManifest.xml:23:9-81
21        android:protectionLevel="signature" />
21-->[androidx.core:core:1.13.1] AndroidManifest.xml:24:9-44
22
23    <uses-permission android:name="com.udwall.firewall.debug.DYNAMIC_RECEIVER_NOT_EXPORTED_PERMISSION" />
23-->[androidx.core:core:1.13.1] AndroidManifest.xml:26:5-97
23-->[androidx.core:core:1.13.1] AndroidManifest.xml:26:22-94
24
25    <application
25-->src\main\AndroidManifest.xml:11:5-52:19
26        android:name="com.udwall.firewall.UdwallApp"
26-->src\main\AndroidManifest.xml:12:9-34
27        android:allowBackup="false"
27-->src\main\AndroidManifest.xml:13:9-36
28        android:appComponentFactory="androidx.core.app.CoreComponentFactory"
28-->[androidx.core:core:1.13.1] AndroidManifest.xml:28:18-86
29        android:debuggable="true"
30        android:extractNativeLibs="false"
31        android:icon="@mipmap/ic_launcher"
31-->src\main\AndroidManifest.xml:14:9-43
32        android:label="UDWALL"
32-->src\main\AndroidManifest.xml:15:9-31
33        android:roundIcon="@mipmap/ic_launcher"
33-->src\main\AndroidManifest.xml:16:9-48
34        android:supportsRtl="true"
34-->src\main\AndroidManifest.xml:17:9-35
35        android:theme="@style/Theme.UDWALL" >
35-->src\main\AndroidManifest.xml:18:9-44
36        <activity
36-->src\main\AndroidManifest.xml:20:9-29:20
37            android:name="com.udwall.firewall.MainActivity"
37-->src\main\AndroidManifest.xml:21:13-41
38            android:exported="true"
38-->src\main\AndroidManifest.xml:22:13-36
39            android:theme="@style/Theme.App.Starting"
39-->src\main\AndroidManifest.xml:24:13-54
40            android:windowSoftInputMode="adjustResize" >
40-->src\main\AndroidManifest.xml:23:13-55
41            <intent-filter>
41-->src\main\AndroidManifest.xml:25:13-28:29
42                <action android:name="android.intent.action.MAIN" />
42-->src\main\AndroidManifest.xml:26:17-69
42-->src\main\AndroidManifest.xml:26:25-66
43
44                <category android:name="android.intent.category.LAUNCHER" />
44-->src\main\AndroidManifest.xml:27:17-77
44-->src\main\AndroidManifest.xml:27:27-74
45            </intent-filter>
46        </activity>
47
48        <service
48-->src\main\AndroidManifest.xml:31:9-41:19
49            android:name="com.udwall.firewall.service.UdwallVpnService"
49-->src\main\AndroidManifest.xml:32:13-53
50            android:exported="false"
50-->src\main\AndroidManifest.xml:34:13-37
51            android:foregroundServiceType="specialUse"
51-->src\main\AndroidManifest.xml:35:13-55
52            android:permission="android.permission.BIND_VPN_SERVICE" >
52-->src\main\AndroidManifest.xml:33:13-69
53            <property
53-->src\main\AndroidManifest.xml:36:13-37:91
54                android:name="android.app.PROPERTY_SPECIAL_USE_FGS_TYPE"
54-->src\main\AndroidManifest.xml:36:23-79
55                android:value="Firewall VPN service to block unwanted network traffic." />
55-->src\main\AndroidManifest.xml:37:17-88
56
57            <intent-filter>
57-->src\main\AndroidManifest.xml:38:13-40:29
58                <action android:name="android.net.VpnService" />
58-->src\main\AndroidManifest.xml:39:17-65
58-->src\main\AndroidManifest.xml:39:25-62
59            </intent-filter>
60        </service>
61
62        <receiver
62-->src\main\AndroidManifest.xml:43:9-50:20
63            android:name="com.udwall.firewall.receiver.BootReceiver"
63-->src\main\AndroidManifest.xml:44:13-50
64            android:enabled="true"
64-->src\main\AndroidManifest.xml:45:13-35
65            android:exported="true" >
65-->src\main\AndroidManifest.xml:46:13-36
66            <intent-filter>
66-->src\main\AndroidManifest.xml:47:13-49:29
67                <action android:name="android.intent.action.BOOT_COMPLETED" />
67-->src\main\AndroidManifest.xml:48:17-79
67-->src\main\AndroidManifest.xml:48:25-76
68            </intent-filter>
69        </receiver>
70
71        <activity
71-->[androidx.compose.ui:ui-tooling-android:1.7.0] AndroidManifest.xml:23:9-25:39
72            android:name="androidx.compose.ui.tooling.PreviewActivity"
72-->[androidx.compose.ui:ui-tooling-android:1.7.0] AndroidManifest.xml:24:13-71
73            android:exported="true" />
73-->[androidx.compose.ui:ui-tooling-android:1.7.0] AndroidManifest.xml:25:13-36
74
75        <provider
75-->[androidx.emoji2:emoji2:1.3.0] AndroidManifest.xml:24:9-32:20
76            android:name="androidx.startup.InitializationProvider"
76-->[androidx.emoji2:emoji2:1.3.0] AndroidManifest.xml:25:13-67
77            android:authorities="com.udwall.firewall.debug.androidx-startup"
77-->[androidx.emoji2:emoji2:1.3.0] AndroidManifest.xml:26:13-68
78            android:exported="false" >
78-->[androidx.emoji2:emoji2:1.3.0] AndroidManifest.xml:27:13-37
79            <meta-data
79-->[androidx.emoji2:emoji2:1.3.0] AndroidManifest.xml:29:13-31:52
80                android:name="androidx.emoji2.text.EmojiCompatInitializer"
80-->[androidx.emoji2:emoji2:1.3.0] AndroidManifest.xml:30:17-75
81                android:value="androidx.startup" />
81-->[androidx.emoji2:emoji2:1.3.0] AndroidManifest.xml:31:17-49
82            <meta-data
82-->[androidx.lifecycle:lifecycle-process:2.8.3] AndroidManifest.xml:29:13-31:52
83                android:name="androidx.lifecycle.ProcessLifecycleInitializer"
83-->[androidx.lifecycle:lifecycle-process:2.8.3] AndroidManifest.xml:30:17-78
84                android:value="androidx.startup" />
84-->[androidx.lifecycle:lifecycle-process:2.8.3] AndroidManifest.xml:31:17-49
85            <meta-data
85-->[androidx.profileinstaller:profileinstaller:1.3.1] AndroidManifest.xml:29:13-31:52
86                android:name="androidx.profileinstaller.ProfileInstallerInitializer"
86-->[androidx.profileinstaller:profileinstaller:1.3.1] AndroidManifest.xml:30:17-85
87                android:value="androidx.startup" />
87-->[androidx.profileinstaller:profileinstaller:1.3.1] AndroidManifest.xml:31:17-49
88        </provider>
89
90        <service
90-->[androidx.room:room-runtime:2.6.1] AndroidManifest.xml:24:9-28:63
91            android:name="androidx.room.MultiInstanceInvalidationService"
91-->[androidx.room:room-runtime:2.6.1] AndroidManifest.xml:25:13-74
92            android:directBootAware="true"
92-->[androidx.room:room-runtime:2.6.1] AndroidManifest.xml:26:13-43
93            android:exported="false" />
93-->[androidx.room:room-runtime:2.6.1] AndroidManifest.xml:27:13-37
94
95        <receiver
95-->[androidx.profileinstaller:profileinstaller:1.3.1] AndroidManifest.xml:34:9-52:20
96            android:name="androidx.profileinstaller.ProfileInstallReceiver"
96-->[androidx.profileinstaller:profileinstaller:1.3.1] AndroidManifest.xml:35:13-76
97            android:directBootAware="false"
97-->[androidx.profileinstaller:profileinstaller:1.3.1] AndroidManifest.xml:36:13-44
98            android:enabled="true"
98-->[androidx.profileinstaller:profileinstaller:1.3.1] AndroidManifest.xml:37:13-35
99            android:exported="true"
99-->[androidx.profileinstaller:profileinstaller:1.3.1] AndroidManifest.xml:38:13-36
100            android:permission="android.permission.DUMP" >
100-->[androidx.profileinstaller:profileinstaller:1.3.1] AndroidManifest.xml:39:13-57
101            <intent-filter>
101-->[androidx.profileinstaller:profileinstaller:1.3.1] AndroidManifest.xml:40:13-42:29
102                <action android:name="androidx.profileinstaller.action.INSTALL_PROFILE" />
102-->[androidx.profileinstaller:profileinstaller:1.3.1] AndroidManifest.xml:41:17-91
102-->[androidx.profileinstaller:profileinstaller:1.3.1] AndroidManifest.xml:41:25-88
103            </intent-filter>
104            <intent-filter>
104-->[androidx.profileinstaller:profileinstaller:1.3.1] AndroidManifest.xml:43:13-45:29
105                <action android:name="androidx.profileinstaller.action.SKIP_FILE" />
105-->[androidx.profileinstaller:profileinstaller:1.3.1] AndroidManifest.xml:44:17-85
105-->[androidx.profileinstaller:profileinstaller:1.3.1] AndroidManifest.xml:44:25-82
106            </intent-filter>
107            <intent-filter>
107-->[androidx.profileinstaller:profileinstaller:1.3.1] AndroidManifest.xml:46:13-48:29
108                <action android:name="androidx.profileinstaller.action.SAVE_PROFILE" />
108-->[androidx.profileinstaller:profileinstaller:1.3.1] AndroidManifest.xml:47:17-88
108-->[androidx.profileinstaller:profileinstaller:1.3.1] AndroidManifest.xml:47:25-85
109            </intent-filter>
110            <intent-filter>
110-->[androidx.profileinstaller:profileinstaller:1.3.1] AndroidManifest.xml:49:13-51:29
111                <action android:name="androidx.profileinstaller.action.BENCHMARK_OPERATION" />
111-->[androidx.profileinstaller:profileinstaller:1.3.1] AndroidManifest.xml:50:17-95
111-->[androidx.profileinstaller:profileinstaller:1.3.1] AndroidManifest.xml:50:25-92
112            </intent-filter>
113        </receiver>
114    </application>
115
116</manifest>